<?xml version="1.0" encoding="UTF-8"?>
<testsuite name="RPSTest" tests="5" skipped="0" failures="0" errors="0" timestamp="2016-02-10T17:53:14" hostname="epicodus-50.local" time="0.002">
  <properties/>
  <testcase name="checkWinner_returnsTrueIfPaperBeatsRock_true" classname="RPSTest" time="0.001"/>
  <testcase name="checkWinner_returnsTrueIfRockBeatsScissors_true" classname="RPSTest" time="0.0"/>
  <testcase name="checkTie_returnsTieIfPlayerAndCompChooseTheSameThing_itsATie" classname="RPSTest" time="0.0"/>
  <testcase name="checkWinner_returnsTrueIfScissorsBeatsPaper_true" classname="RPSTest" time="0.0"/>
  <testcase name="compChoice_shouldBeAString_true" classname="RPSTest" time="0.001"/>
  <system-out><![CDATA[]]></system-out>
  <system-err><![CDATA[]]></system-err>
</testsuite>
