<?xml version="1.0" encoding="UTF-8"?>
<testsuite name="RPSTest" tests="1" skipped="0" failures="0" errors="0" timestamp="2016-02-10T17:17:54" hostname="epicodus-50.local" time="0.001">
  <properties/>
  <testcase name="checkWinner_returnsTrueIfRockBeatsScissors_true" classname="RPSTest" time="0.001"/>
  <system-out><![CDATA[]]></system-out>
  <system-err><![CDATA[]]></system-err>
</testsuite>
